Determining if the pthread_create exist failed with the following output:
Change Dir: /home/anurag/mother_ws/epipolar_ws/src/QT/build-epipolar_pkg-ROS-Default/CMakeFiles/CMakeTmp

Run Build Command:"/usr/bin/make" "cmTC_00996/fast"
/usr/bin/make -f CMakeFiles/cmTC_00996.dir/build.make CMakeFiles/cmTC_00996.dir/build
make[1]: Entering directory '/home/anurag/mother_ws/epipolar_ws/src/QT/build-epipolar_pkg-ROS-Default/CMakeFiles/CMakeTmp'
Building C object CMakeFiles/cmTC_00996.dir/CheckSymbolExists.c.o
/usr/bin/gcc     -o CMakeFiles/cmTC_00996.dir/CheckSymbolExists.c.o   -c /home/anurag/mother_ws/epipolar_ws/src/QT/build-epipolar_pkg-ROS-Default/CMakeFiles/CMakeTmp/CheckSymbolExists.c
Linking C executable cmTC_00996
/usr/bin/cmake -E cmake_link_script CMakeFiles/cmTC_00996.dir/link.txt --verbose=1
/usr/bin/gcc       CMakeFiles/cmTC_00996.dir/CheckSymbolExists.c.o  -o cmTC_00996 -rdynamic 
CMakeFiles/cmTC_00996.dir/CheckSymbolExists.c.o: In function `main':
CheckSymbolExists.c:(.text+0x16): undefined reference to `pthread_create'
collect2: error: ld returned 1 exit status
CMakeFiles/cmTC_00996.dir/build.make:97: recipe for target 'cmTC_00996' failed
make[1]: *** [cmTC_00996] Error 1
make[1]: Leaving directory '/home/anurag/mother_ws/epipolar_ws/src/QT/build-epipolar_pkg-ROS-Default/CMakeFiles/CMakeTmp'
Makefile:126: recipe for target 'cmTC_00996/fast' failed
make: *** [cmTC_00996/fast] Error 2

File /home/anurag/mother_ws/epipolar_ws/src/QT/build-epipolar_pkg-ROS-Default/CMakeFiles/CMakeTmp/CheckSymbolExists.c:
/* */
#include <pthread.h>

int main(int argc, char** argv)
{
  (void)argv;
#ifndef pthread_create
  return ((int*)(&pthread_create))[argc];
#else
  (void)argc;
  return 0;
#endif
}

Determining if the function pthread_create exists in the pthreads failed with the following output:
Change Dir: /home/anurag/mother_ws/epipolar_ws/src/QT/build-epipolar_pkg-ROS-Default/CMakeFiles/CMakeTmp

Run Build Command:"/usr/bin/make" "cmTC_9de6e/fast"
/usr/bin/make -f CMakeFiles/cmTC_9de6e.dir/build.make CMakeFiles/cmTC_9de6e.dir/build
make[1]: Entering directory '/home/anurag/mother_ws/epipolar_ws/src/QT/build-epipolar_pkg-ROS-Default/CMakeFiles/CMakeTmp'
Building C object CMakeFiles/cmTC_9de6e.dir/CheckFunctionExists.c.o
/usr/bin/gcc    -DCHECK_FUNCTION_EXISTS=pthread_create   -o CMakeFiles/cmTC_9de6e.dir/CheckFunctionExists.c.o   -c /usr/share/cmake-3.5/Modules/CheckFunctionExists.c
Linking C executable cmTC_9de6e
/usr/bin/cmake -E cmake_link_script CMakeFiles/cmTC_9de6e.dir/link.txt --verbose=1
/usr/bin/gcc   -DCHECK_FUNCTION_EXISTS=pthread_create    CMakeFiles/cmTC_9de6e.dir/CheckFunctionExists.c.o  -o cmTC_9de6e -rdynamic -lpthreads 
/usr/bin/ld: cannot find -lpthreads
collect2: error: ld returned 1 exit status
CMakeFiles/cmTC_9de6e.dir/build.make:97: recipe for target 'cmTC_9de6e' failed
make[1]: *** [cmTC_9de6e] Error 1
make[1]: Leaving directory '/home/anurag/mother_ws/epipolar_ws/src/QT/build-epipolar_pkg-ROS-Default/CMakeFiles/CMakeTmp'
Makefile:126: recipe for target 'cmTC_9de6e/fast' failed
make: *** [cmTC_9de6e/fast] Error 2


